"Task Aware Debugger for GDB" version 11.6.1 (202207200623)
(c) 2016-2022 NXP Semiconductors, Inc.
==================================
10:32:33.395 INFO: [TadModel] DSF session ID 0 has started.
10:32:37.65 INFO: [TadState] TAD state changed: DEBUG_STARTED -> DEBUG_INIT_0 (RESUMED, USER_REQUEST)
10:32:37.76 INFO: [TadState] TAD state changed: DEBUG_INIT_0 -> DEBUG_INIT_1 (SUSPENDED, SIGNAL)
10:32:38.248 INFO: [TadState] TAD state changed: DEBUG_INIT_1 -> DEBUG_SUSPENDED (RESUMED, USER_REQUEST)
10:32:38.313 INFO: [TadState] TAD state changed: DEBUG_SUSPENDED -> DEBUG_SUSPENDED (SUSPENDED, BREAKPOINT)
10:32:41.173 INFO: [TadState] TAD state changed: DEBUG_SUSPENDED -> DEBUG_RESUMED (RESUMED, USER_REQUEST)
10:34:32.158 INFO: [TadState] TAD state changed: DEBUG_RESUMED -> READY (SUSPENDED, SIGNAL)
10:34:32.417 INFO: [Benchmark] Loading data for "Determine RTOS version" has started.
10:34:32.428 INFO: [FreeRtosTadModel] Heap type (memory allocation scheme) has been identified from FreeRTOSDebugConfig structure as Heap #3. 
10:34:32.430 INFO: [FreeRtosTadModel] FreeRTOS version has been identified from FreeRTOSDebugConfig structure as 10.2.0.
10:34:32.430 INFO: [Benchmark] Loading data for "Determine RTOS version" took 13 ms.
10:34:32.430 INFO: [Benchmark] Loading data for "Task List" has started.
10:34:32.762 ERROR: [VariableReader] Could not read variable expression: "ulTotalRunTime".
10:34:32.762 ERROR: [TaskFactory] ulTotalRunTime not available
10:34:32.809 ERROR: [VariableReader] Could not read variable expression: "(((struct tskTaskControlBlock *) 0x20030c0)->ulRunTimeCounter)".
10:34:32.810 INFO: [FreeRTOS] RTOS macro "configGENERATE_RUN_TIME_STATS" is disabled.
10:34:32.975 INFO: [Benchmark] Loading data for "Task List" took 545 ms.
10:34:55.430 INFO: [TadState] TAD state changed: READY -> DEBUG_RESUMED (RESUMED, USER_REQUEST)
10:35:06.827 INFO: [TadState] TAD state changed: DEBUG_RESUMED -> READY (SUSPENDED, SIGNAL)
10:35:06.828 INFO: [Benchmark] Loading data for "Task List" has started.
10:35:07.46 INFO: [Benchmark] Loading data for "Task List" took 217 ms.
10:35:08.386 INFO: [TadModel] DSF session ID 0 has ended.
